[INFO] Scanning for projects...
[INFO] 
[INFO] ---------------------< com.BillX:BillX-Pos-System >---------------------
[INFO] Building BillX-Pos-System 0.0.1-SNAPSHOT
[INFO]   from pom.xml
[INFO] --------------------------------[ jar ]---------------------------------
[INFO] 
[INFO] >>> spring-boot:3.2.2:run (default-cli) > test-compile @ BillX-Pos-System >>>
[INFO] 
[INFO] --- resources:3.3.1:resources (default-resources) @ BillX-Pos-System ---
[INFO] Copying 1 resource from src\main\resources to target\classes
[INFO] Copying 0 resource from src\main\resources to target\classes
[INFO] 
[INFO] --- compiler:3.11.0:compile (default-compile) @ BillX-Pos-System ---
[INFO] Nothing to compile - all classes are up to date
[INFO] 
[INFO] --- resources:3.3.1:testResources (default-testResources) @ BillX-Pos-System ---
[INFO] skip non existing resourceDirectory C:\All Desktop Folders\Project\BillX Pos System\Backend\BillX-Pos-System\src\test\resources
[INFO] 
[INFO] --- compiler:3.11.0:testCompile (default-testCompile) @ BillX-Pos-System ---
[INFO] Nothing to compile - all classes are up to date
[INFO] 
[INFO] <<< spring-boot:3.2.2:run (default-cli) < test-compile @ BillX-Pos-System <<<
[INFO] 
[INFO] 
[INFO] --- spring-boot:3.2.2:run (default-cli) @ BillX-Pos-System ---
[INFO] Attaching agents: []

  .   ____          _            __ _ _
 /\\ / ___'_ __ _ _(_)_ __  __ _ \ \ \ \
( ( )\___ | '_ | '_| | '_ \/ _` | \ \ \ \
 \\/  ___)| |_)| | | | | || (_| |  ) ) ) )
  '  |____| .__|_| |_|_| |_\__, | / / / /
 =========|_|==============|___/=/_/_/_/
 :: Spring Boot ::                (v3.2.2)

2026-02-18T01:55:35.282+05:30  INFO 5840 --- [BillX-Pos-System] [           main] com.BillX.BillXPosSystemApplication      : Starting BillXPosSystemApplication using Java 25 with PID 5840 (C:\All Desktop Folders\Project\BillX Pos System\Backend\BillX-Pos-System\target\classes started by notam in C:\All Desktop Folders\Project\BillX Pos System\Backend\BillX-Pos-System)
2026-02-18T01:55:35.283+05:30  INFO 5840 --- [BillX-Pos-System] [           main] com.BillX.BillXPosSystemApplication      : No active profile set, falling back to 1 default profile: "default"
2026-02-18T01:55:35.657+05:30  INFO 5840 --- [BillX-Pos-System] [           main] .s.d.r.c.RepositoryConfigurationDelegate : Bootstrapping Spring Data JPA repositories in DEFAULT mode.
2026-02-18T01:55:35.698+05:30  INFO 5840 --- [BillX-Pos-System] [           main] .s.d.r.c.RepositoryConfigurationDelegate : Finished Spring Data repository scanning in 36 ms. Found 2 JPA repository interfaces.
WARNING: A restricted method in java.lang.System has been called
WARNING: java.lang.System::load has been called by org.apache.tomcat.jni.Library in an unnamed module (file:/C:/Users/notam/.m2/repository/org/apache/tomcat/embed/tomcat-embed-core/10.1.18/tomcat-embed-core-10.1.18.jar)
WARNING: Use --enable-native-access=ALL-UNNAMED to avoid a warning for callers in this module
WARNING: Restricted methods will be blocked in a future release unless native access is enabled

2026-02-18T01:55:36.031+05:30  INFO 5840 --- [BillX-Pos-System] [           main] o.s.b.w.embedded.tomcat.TomcatWebServer  : Tomcat initialized with port 8080 (http)
2026-02-18T01:55:36.038+05:30  INFO 5840 --- [BillX-Pos-System] [           main] o.apache.catalina.core.StandardService   : Starting service [Tomcat]
2026-02-18T01:55:36.038+05:30  INFO 5840 --- [BillX-Pos-System] [           main] o.apache.catalina.core.StandardEngine    : Starting Servlet engine: [Apache Tomcat/10.1.18]
2026-02-18T01:55:36.075+05:30  INFO 5840 --- [BillX-Pos-System] [           main] o.a.c.c.C.[Tomcat].[localhost].[/]       : Initializing Spring embedded WebApplicationContext
2026-02-18T01:55:36.076+05:30  INFO 5840 --- [BillX-Pos-System] [           main] w.s.c.ServletWebServerApplicationContext : Root WebApplicationContext: initialization completed in 765 ms
2026-02-18T01:55:36.167+05:30  INFO 5840 --- [BillX-Pos-System] [           main] o.hibernate.jpa.internal.util.LogHelper  : HHH000204: Processing PersistenceUnitInfo [name: default]
2026-02-18T01:55:36.204+05:30  INFO 5840 --- [BillX-Pos-System] [           main] org.hibernate.Version                    : HHH000412: Hibernate ORM core version 6.4.1.Final
2026-02-18T01:55:36.224+05:30  INFO 5840 --- [BillX-Pos-System] [           main] o.h.c.internal.RegionFactoryInitiator    : HHH000026: Second-level cache disabled
2026-02-18T01:55:36.343+05:30  INFO 5840 --- [BillX-Pos-System] [           main] o.s.o.j.p.SpringPersistenceUnitInfo      : No LoadTimeWeaver setup: ignoring JPA class transformer
2026-02-18T01:55:36.355+05:30  INFO 5840 --- [BillX-Pos-System] [           main] com.zaxxer.hikari.HikariDataSource       : HikariPool-1 - Starting...
2026-02-18T01:55:36.447+05:30  INFO 5840 --- [BillX-Pos-System] [           main] com.zaxxer.hikari.pool.HikariPool        : HikariPool-1 - Added connection com.mysql.cj.jdbc.ConnectionImpl@5e68be2
2026-02-18T01:55:36.448+05:30  INFO 5840 --- [BillX-Pos-System] [           main] com.zaxxer.hikari.HikariDataSource       : HikariPool-1 - Start completed.
2026-02-18T01:55:36.476+05:30  WARN 5840 --- [BillX-Pos-System] [           main] org.hibernate.orm.deprecation            : HHH90000025: MySQLDialect does not need to be specified explicitly using 'hibernate.dialect' (remove the property setting and it will be selected by default)
2026-02-18T01:55:37.019+05:30  INFO 5840 --- [BillX-Pos-System] [           main] o.h.e.t.j.p.i.JtaPlatformInitiator       : HHH000489: No JTA platform available (set 'hibernate.transaction.jta.platform' to enable JTA platform integration)
2026-02-18T01:55:37.067+05:30  INFO 5840 --- [BillX-Pos-System] [           main] j.LocalContainerEntityManagerFactoryBean : Initialized JPA EntityManagerFactory for persistence unit 'default'
2026-02-18T01:55:37.289+05:30  WARN 5840 --- [BillX-Pos-System] [           main] JpaBaseConfiguration$JpaWebConfiguration : spring.jpa.open-in-view is enabled by default. Therefore, database queries may be performed during view rendering. Explicitly configure spring.jpa.open-in-view to disable this warning
2026-02-18T01:55:37.448+05:30  INFO 5840 --- [BillX-Pos-System] [           main] o.s.s.web.DefaultSecurityFilterChain     : Will secure any request with [org.springframework.security.web.session.DisableEncodeUrlFilter@8eeb4c5, org.springframework.security.web.context.request.async.WebAsyncManagerIntegrationFilter@2dc77962, org.springframework.security.web.context.SecurityContextHolderFilter@673a5aa7, org.springframework.security.web.header.HeaderWriterFilter@395115ac, org.springframework.web.filter.CorsFilter@32bae609, org.springframework.security.web.authentication.logout.LogoutFilter@eb09112, com.BillX.configuration.JwtValidator@4f327096, org.springframework.security.web.savedrequest.RequestCacheAwareFilter@5b160208, org.springframework.security.web.servletapi.SecurityContextHolderAwareRequestFilter@237bdbcb, org.springframework.security.web.authentication.AnonymousAuthenticationFilter@106b476a, org.springframework.security.web.session.SessionManagementFilter@61c0fb12, org.springframework.security.web.access.ExceptionTranslationFilter@7e5e7753, org.springframework.security.web.access.intercept.AuthorizationFilter@28c00acd]
2026-02-18T01:55:37.578+05:30  INFO 5840 --- [BillX-Pos-System] [           main] o.s.b.w.embedded.tomcat.TomcatWebServer  : Tomcat started on port 8080 (http) with context path ''
2026-02-18T01:55:37.583+05:30  INFO 5840 --- [BillX-Pos-System] [           main] com.BillX.BillXPosSystemApplication      : Started BillXPosSystemApplication in 2.507 seconds (process running for 2.713)
2026-02-18T01:56:57.703+05:30  INFO 5840 --- [BillX-Pos-System] [nio-8080-exec-1] o.a.c.c.C.[Tomcat].[localhost].[/]       : Initializing Spring DispatcherServlet 'dispatcherServlet'
2026-02-18T01:56:57.703+05:30  INFO 5840 --- [BillX-Pos-System] [nio-8080-exec-1] o.s.web.servlet.DispatcherServlet        : Initializing Servlet 'dispatcherServlet'
2026-02-18T01:56:57.704+05:30  INFO 5840 --- [BillX-Pos-System] [nio-8080-exec-1] o.s.web.servlet.DispatcherServlet        : Completed initialization in 1 ms
Hibernate: 
    select
        u1_0.id,
        u1_0.created_at,
        u1_0.email,
        u1_0.full_name,
        u1_0.last_login,
        u1_0.password,
        u1_0.phone_number,
        u1_0.role,
        u1_0.store_id,
        u1_0.updated_at 
    from
        user u1_0 
    where
        u1_0.email=?
Hibernate: 
    select
        u1_0.id,
        u1_0.created_at,
        u1_0.email,
        u1_0.full_name,
        u1_0.last_login,
        u1_0.password,
        u1_0.phone_number,
        u1_0.role,
        u1_0.store_id,
        u1_0.updated_at 
    from
        user u1_0 
    where
        u1_0.email=?
Hibernate: 
    update
        user 
    set
        created_at=?,
        email=?,
        full_name=?,
        last_login=?,
        password=?,
        phone_number=?,
        role=?,
        store_id=?,
        updated_at=? 
    where
        id=?
Hibernate: 
    select
        u1_0.id,
        u1_0.created_at,
        u1_0.email,
        u1_0.full_name,
        u1_0.last_login,
        u1_0.password,
        u1_0.phone_number,
        u1_0.role,
        u1_0.store_id,
        u1_0.updated_at 
    from
        user u1_0 
    where
        u1_0.email=?
Hibernate: 
    select
        s1_0.id,
        s1_0.brand,
        s1_0.created_at,
        s1_0.description,
        s1_0.status,
        s1_0.store_admin_id,
        s1_0.address,
        s1_0.email,
        s1_0.phone_no,
        s1_0.store_type,
        s1_0.updated_at 
    from
        store s1_0 
    left join
        user sa1_0 
            on sa1_0.id=s1_0.store_admin_id 
    where
        sa1_0.id=?
Hibernate: 
    insert 
    into
        store
        (brand, created_at, description, status, store_admin_id, address, email, phone_no, store_type, updated_at) 
    values
        (?, ?, ?, ?, ?, ?, ?, ?, ?, ?)
Hibernate: 
    select
        u1_0.id,
        u1_0.created_at,
        u1_0.email,
        u1_0.full_name,
        u1_0.last_login,
        u1_0.password,
        u1_0.phone_number,
        u1_0.role,
        u1_0.store_id,
        u1_0.updated_at 
    from
        user u1_0 
    where
        u1_0.email=?
Hibernate: 
    select
        u1_0.id,
        u1_0.created_at,
        u1_0.email,
        u1_0.full_name,
        u1_0.last_login,
        u1_0.password,
        u1_0.phone_number,
        u1_0.role,
        u1_0.store_id,
        u1_0.updated_at 
    from
        user u1_0 
    where
        u1_0.email=?
Hibernate: 
    select
        u1_0.id,
        u1_0.created_at,
        u1_0.email,
        u1_0.full_name,
        u1_0.last_login,
        u1_0.password,
        u1_0.phone_number,
        u1_0.role,
        u1_0.store_id,
        u1_0.updated_at 
    from
        user u1_0 
    where
        u1_0.email=?
Hibernate: 
    select
        s1_0.id,
        s1_0.brand,
        s1_0.created_at,
        s1_0.description,
        s1_0.status,
        s1_0.store_admin_id,
        s1_0.address,
        s1_0.email,
        s1_0.phone_no,
        s1_0.store_type,
        s1_0.updated_at 
    from
        store s1_0 
    left join
        user sa1_0 
            on sa1_0.id=s1_0.store_admin_id 
    where
        sa1_0.id=?
Hibernate: 
    select
        u1_0.id,
        u1_0.created_at,
        u1_0.email,
        u1_0.full_name,
        u1_0.last_login,
        u1_0.password,
        u1_0.phone_number,
        u1_0.role,
        u1_0.store_id,
        u1_0.updated_at 
    from
        user u1_0 
    where
        u1_0.email=?
Hibernate: 
    update
        user 
    set
        created_at=?,
        email=?,
        full_name=?,
        last_login=?,
        password=?,
        phone_number=?,
        role=?,
        store_id=?,
        updated_at=? 
    where
        id=?
Hibernate: 
    select
        u1_0.id,
        u1_0.created_at,
        u1_0.email,
        u1_0.full_name,
        u1_0.last_login,
        u1_0.password,
        u1_0.phone_number,
        u1_0.role,
        u1_0.store_id,
        u1_0.updated_at 
    from
        user u1_0 
    where
        u1_0.email=?
Hibernate: 
    select
        u1_0.id,
        u1_0.created_at,
        u1_0.email,
        u1_0.full_name,
        u1_0.last_login,
        u1_0.password,
        u1_0.phone_number,
        u1_0.role,
        u1_0.store_id,
        u1_0.updated_at 
    from
        user u1_0 
    where
        u1_0.email=?
Hibernate: 
    select
        u1_0.id,
        u1_0.created_at,
        u1_0.email,
        u1_0.full_name,
        u1_0.last_login,
        u1_0.password,
        u1_0.phone_number,
        u1_0.role,
        s1_0.id,
        s1_0.brand,
        s1_0.created_at,
        s1_0.description,
        s1_0.status,
        s1_0.store_admin_id,
        s1_0.address,
        s1_0.email,
        s1_0.phone_no,
        s1_0.store_type,
        s1_0.updated_at,
        u1_0.updated_at 
    from
        user u1_0 
    left join
        store s1_0 
            on s1_0.id=u1_0.store_id 
    where
        u1_0.id=?
Hibernate: 
    select
        s1_0.id,
        s1_0.brand,
        s1_0.created_at,
        s1_0.description,
        s1_0.status,
        s1_0.store_admin_id,
        s1_0.address,
        s1_0.email,
        s1_0.phone_no,
        s1_0.store_type,
        s1_0.updated_at 
    from
        store s1_0
Hibernate: 
    select
        s1_0.id,
        s1_0.brand,
        s1_0.created_at,
        s1_0.description,
        s1_0.status,
        s1_0.store_admin_id,
        s1_0.address,
        s1_0.email,
        s1_0.phone_no,
        s1_0.store_type,
        s1_0.updated_at 
    from
        store s1_0 
    where
        s1_0.id=?
Hibernate: 
    select
        u1_0.id,
        u1_0.created_at,
        u1_0.email,
        u1_0.full_name,
        u1_0.last_login,
        u1_0.password,
        u1_0.phone_number,
        u1_0.role,
        u1_0.store_id,
        u1_0.updated_at 
    from
        user u1_0 
    where
        u1_0.email=?
Hibernate: 
    select
        s1_0.id,
        s1_0.brand,
        s1_0.created_at,
        s1_0.description,
        s1_0.status,
        s1_0.store_admin_id,
        s1_0.address,
        s1_0.email,
        s1_0.phone_no,
        s1_0.store_type,
        s1_0.updated_at 
    from
        store s1_0 
    left join
        user sa1_0 
            on sa1_0.id=s1_0.store_admin_id 
    where
        sa1_0.id=?
Hibernate: 
    select
        u1_0.id,
        u1_0.created_at,
        u1_0.email,
        u1_0.full_name,
        u1_0.last_login,
        u1_0.password,
        u1_0.phone_number,
        u1_0.role,
        u1_0.store_id,
        u1_0.updated_at 
    from
        user u1_0 
    where
        u1_0.email=?
Hibernate: 
    select
        s1_0.id,
        s1_0.brand,
        s1_0.created_at,
        s1_0.description,
        s1_0.status,
        s1_0.store_admin_id,
        s1_0.address,
        s1_0.email,
        s1_0.phone_no,
        s1_0.store_type,
        s1_0.updated_at 
    from
        store s1_0 
    where
        s1_0.id=?
Hibernate: 
    update
        store 
    set
        brand=?,
        created_at=?,
        description=?,
        status=?,
        store_admin_id=?,
        address=?,
        email=?,
        phone_no=?,
        store_type=?,
        updated_at=? 
    where
        id=?
Hibernate: 
    select
        s1_0.id,
        s1_0.brand,
        s1_0.created_at,
        s1_0.description,
        s1_0.status,
        s1_0.store_admin_id,
        s1_0.address,
        s1_0.email,
        s1_0.phone_no,
        s1_0.store_type,
        s1_0.updated_at 
    from
        store s1_0 
    where
        s1_0.id=?
Hibernate: 
    update
        store 
    set
        brand=?,
        created_at=?,
        description=?,
        status=?,
        store_admin_id=?,
        address=?,
        email=?,
        phone_no=?,
        store_type=?,
        updated_at=? 
    where
        id=?
Hibernate: 
    select
        s1_0.id,
        s1_0.brand,
        s1_0.created_at,
        s1_0.description,
        s1_0.status,
        s1_0.store_admin_id,
        s1_0.address,
        s1_0.email,
        s1_0.phone_no,
        s1_0.store_type,
        s1_0.updated_at 
    from
        store s1_0 
    where
        s1_0.id=?
Hibernate: 
    delete 
    from
        store 
    where
        id=?
